Using pre-set license
Built from '2020.3/staging' branch; Version is '2020.3.32f1 (12f8b0834f07) revision 1243312'; Using compiler version '192528614'; Build Type 'Release'
OS: 'Windows 10  (10.0.19044) 64bit CoreSingleLanguage' Language: 'pt' Physical Memory: 16196 MB
BatchMode: 1, IsHumanControllingUs: 0, StartBugReporterOnCrash: 0, Is64bit: 1, IsPro: 0

COMMAND LINE ARGUMENTS:
C:\Program Files\Unity\Hub\Editor\2020.3.32f1\Editor\Unity.exe
-adb2
-batchMode
-noUpm
-name
AssetImportWorker0
-projectPath
C:/Users/Fernando/My project (1)
-logFile
Logs/AssetImportWorker0.log
-srvPort
63282
Successfully changed project path to: C:/Users/Fernando/My project (1)
C:/Users/Fernando/My project (1)
Using Asset Import Pipeline V2.
Refreshing native plugins compatible for Editor in 145.41 ms, found 2 plugins.
Preloading 0 native plugins for Editor in 0.00 ms.
Initialize engine version: 2020.3.32f1 (12f8b0834f07)
[Subsystems] Discovering subsystems at path C:/Program Files/Unity/Hub/Editor/2020.3.32f1/Editor/Data/Resources/UnitySubsystems
[Subsystems] Discovering subsystems at path C:/Users/Fernando/My project (1)/Assets
GfxDevice: creating device client; threaded=0
Direct3D:
    Version:  Direct3D 11.0 [level 11.1]
    Renderer: NVIDIA GeForce GTX 1660 Ti (ID=0x2191)
    Vendor:   
    VRAM:     5991 MB
    Driver:   31.0.15.1694
Initialize mono
Mono path[0] = 'C:/Program Files/Unity/Hub/Editor/2020.3.32f1/Editor/Data/Managed'
Mono path[1] = 'C:/Program Files/Unity/Hub/Editor/2020.3.32f1/Editor/Data/MonoBleedingEdge/lib/mono/unityjit'
Mono config path = 'C:/Program Files/Unity/Hub/Editor/2020.3.32f1/Editor/Data/MonoBleedingEdge/etc'
Using monoOptions --debugger-agent=transport=dt_socket,embedding=1,server=y,suspend=n,address=127.0.0.1:56096
Begin MonoManager ReloadAssembly
Registering precompiled unity dll's ...
Register platform support module: C:/Program Files/Unity/Hub/Editor/2020.3.32f1/Editor/Data/PlaybackEngines/WebGLSupport/UnityEditor.WebGL.Extensions.dll
Register platform support module: C:/Program Files/Unity/Hub/Editor/2020.3.32f1/Editor/Data/PlaybackEngines/WindowsStandaloneSupport/UnityEditor.WindowsStandalone.Extensions.dll
Registered in 0.005541 seconds.
Native extension for WindowsStandalone target not found
Native extension for WebGL target not found
Refreshing native plugins compatible for Editor in 109.21 ms, found 2 plugins.
Preloading 0 native plugins for Editor in 0.00 ms.
Mono: successfully reloaded assembly
- Completed reload, in  1.396 seconds
Domain Reload Profiling:
	ReloadAssembly (1396ms)
		BeginReloadAssembly (147ms)
			ExecutionOrderSort (0ms)
			DisableScriptedObjects (0ms)
			BackupInstance (0ms)
			ReleaseScriptingObjects (0ms)
			CreateAndSetChildDomain (3ms)
		EndReloadAssembly (1055ms)
			LoadAssemblies (140ms)
			RebuildTransferFunctionScriptingTraits (0ms)
			SetupTypeCache (342ms)
			ReleaseScriptCaches (0ms)
			RebuildScriptCaches (68ms)
			SetupLoadedEditorAssemblies (308ms)
				LogAssemblyErrors (0ms)
				InitializePlatformSupportModulesInManaged (11ms)
				SetLoadedEditorAssemblies (0ms)
				RefreshPlugins (109ms)
				BeforeProcessingInitializeOnLoad (25ms)
				ProcessInitializeOnLoadAttributes (124ms)
				ProcessInitializeOnLoadMethodAttributes (38ms)
				AfterProcessingInitializeOnLoad (0ms)
				EditorAssembliesLoaded (0ms)
			ExecutionOrderSort2 (0ms)
			AwakeInstancesAfterBackupRestoration (0ms)
Platform modules already initialized, skipping
Registering precompiled user dll's ...
Registered in 0.004558 seconds.
Begin MonoManager ReloadAssembly
Native extension for WindowsStandalone target not found
Native extension for WebGL target not found
Refreshing native plugins compatible for Editor in 60.43 ms, found 2 plugins.
Preloading 0 native plugins for Editor in 0.00 ms.
Mono: successfully reloaded assembly
- Completed reload, in  1.606 seconds
Domain Reload Profiling:
	ReloadAssembly (1608ms)
		BeginReloadAssembly (217ms)
			ExecutionOrderSort (0ms)
			DisableScriptedObjects (5ms)
			BackupInstance (0ms)
			ReleaseScriptingObjects (0ms)
			CreateAndSetChildDomain (29ms)
		EndReloadAssembly (1303ms)
			LoadAssemblies (141ms)
			RebuildTransferFunctionScriptingTraits (0ms)
			SetupTypeCache (455ms)
			ReleaseScriptCaches (1ms)
			RebuildScriptCaches (89ms)
			SetupLoadedEditorAssemblies (445ms)
				LogAssemblyErrors (0ms)
				InitializePlatformSupportModulesInManaged (5ms)
				SetLoadedEditorAssemblies (0ms)
				RefreshPlugins (61ms)
				BeforeProcessingInitializeOnLoad (100ms)
				ProcessInitializeOnLoadAttributes (258ms)
				ProcessInitializeOnLoadMethodAttributes (10ms)
				AfterProcessingInitializeOnLoad (11ms)
				EditorAssembliesLoaded (0ms)
			ExecutionOrderSort2 (0ms)
			AwakeInstancesAfterBackupRestoration (12ms)
Platform modules already initialized, skipping
========================================================================
Worker process is ready to serve import requests
Launched and connected shader compiler UnityShaderCompiler.exe after 0.07 seconds
Refreshing native plugins compatible for Editor in 1.04 ms, found 2 plugins.
Preloading 0 native plugins for Editor in 0.00 ms.
Unloading 2814 Unused Serialized files (Serialized files now loaded: 0)
System memory in use before: 127.2 MB.
System memory in use after: 127.4 MB.

Unloading 17 unused Assets to reduce memory usage. Loaded Objects now: 3248.
Total: 6.532100 ms (FindLiveObjects: 0.664600 ms CreateObjectMapping: 0.272400 ms MarkObjects: 5.468900 ms  DeleteObjects: 0.124300 ms)

AssetImportParameters requested are different than current active one (requested -> active):
  custom:framework-win-MediaFoundation: 216162199b28c13a410421893ffa2e32 -> 
  custom:video-decoder-ogg-theora: a1e56fd34408186e4bbccfd4996cb3dc -> 
  custom:container-muxer-webm: aa71ff27fc2769a1b78a27578f13a17b -> 
  custom:container-demuxer-webm: 4f35f7cbe854078d1ac9338744f61a02 -> 
  custom:container-demuxer-ogg: 62fdf1f143b41e24485cea50d1cbac27 -> 
  custom:video-encoder-webm-vp8: eb34c28f22e8b96e1ab97ce403110664 -> 
  custom:video-codec-MediaFoundation-h265: 746d11721c4dcdbdad8f713fa42b33f4 -> 
  custom:video-decoder-webm-vp8: 9c59270c3fd7afecdb556c50c9e8de78 -> 
  custom:audio-decoder-ogg-vorbis: bf7c407c2cedff20999df2af8eb42d56 -> 
  custom:audio-encoder-webm-vorbis: bf7c407c2cedff20999df2af8eb42d56 -> 
========================================================================
Received Import Request.
  path: Assets/Readme.asset
  artifactKey: Guid(83c2ed844a8c74b779a4c823d16594b1) Importer(815301076,1909f56bfc062723c751e8b465ee728b)
Start importing Assets/Readme.asset using Guid(83c2ed844a8c74b779a4c823d16594b1) Importer(815301076,1909f56bfc062723c751e8b465ee728b)  -> (artifact id: '8ffd2c44ffeb50c574abb5d0c4453328') in 0.097869 seconds 
========================================================================
Received Import Request.
  Time since last request: 89.764261 seconds.
  path: Assets
  artifactKey: Guid(00000000000000001000000000000000) Importer(815301076,1909f56bfc062723c751e8b465ee728b)
Start importing Assets using Guid(00000000000000001000000000000000) Importer(815301076,1909f56bfc062723c751e8b465ee728b)  -> (artifact id: '42d402b061de3733987d63b9cc3b64de') in 0.007617 seconds 
========================================================================
Received Import Request.
  Time since last request: 13.323904 seconds.
  path: Assets/band jap.shader
  artifactKey: Guid(85c2571573e62274691392fddf3adcae) Importer(815301076,1909f56bfc062723c751e8b465ee728b)
Start importing Assets/band jap.shader using Guid(85c2571573e62274691392fddf3adcae) Importer(815301076,1909f56bfc062723c751e8b465ee728b)  -> (artifact id: 'befee9857d992470df145f83d17a04f7') in 0.012113 seconds 
========================================================================
Received Import Request.
  Time since last request: 9.401345 seconds.
  path: Assets/band bi.shader
  artifactKey: Guid(8dfeaa075572ed347ab2def9ca9e5232) Importer(815301076,1909f56bfc062723c751e8b465ee728b)
Start importing Assets/band bi.shader using Guid(8dfeaa075572ed347ab2def9ca9e5232) Importer(815301076,1909f56bfc062723c751e8b465ee728b)  -> (artifact id: 'b5b7432c4b7e853b9f4e9acfbf084821') in 0.006175 seconds 
========================================================================
Received Import Request.
  Time since last request: 20.220056 seconds.
  path: Assets/band palau.shader
  artifactKey: Guid(4f7d5b4eae16bb34982c36b31f01fdc7) Importer(815301076,1909f56bfc062723c751e8b465ee728b)
Start importing Assets/band palau.shader using Guid(4f7d5b4eae16bb34982c36b31f01fdc7) Importer(815301076,1909f56bfc062723c751e8b465ee728b)  -> (artifact id: 'd2eafb3c2ef168eb2bfb7787c08b92ea') in 0.006125 seconds 
========================================================================
Received Import Request.
  Time since last request: 20.497149 seconds.
  path: Assets/Unlit_band palau.mat
  artifactKey: Guid(8f8753fed7f53794da0ac466e5a342ca) Importer(815301076,1909f56bfc062723c751e8b465ee728b)
Start importing Assets/Unlit_band palau.mat using Guid(8f8753fed7f53794da0ac466e5a342ca) Importer(815301076,1909f56bfc062723c751e8b465ee728b)  -> (artifact id: 'a56f2adec395d657f629a595ee9ba25d') in 0.201021 seconds 
========================================================================
Received Import Request.
  Time since last request: 8.428774 seconds.
  path: Assets/Unlit_band jap.mat
  artifactKey: Guid(bfa35e137067a664e8b94f6031d6aff3) Importer(815301076,1909f56bfc062723c751e8b465ee728b)
Start importing Assets/Unlit_band jap.mat using Guid(bfa35e137067a664e8b94f6031d6aff3) Importer(815301076,1909f56bfc062723c751e8b465ee728b)  -> (artifact id: '2cc0d7d1cc4ab416fae0be67a7bea5ec') in 0.012360 seconds 
========================================================================
Received Import Request.
  Time since last request: 7.238680 seconds.
  path: Assets/Unlit_band bi.mat
  artifactKey: Guid(50ae8ddd6e772c6459c7cdf13bbed81b) Importer(815301076,1909f56bfc062723c751e8b465ee728b)
Start importing Assets/Unlit_band bi.mat using Guid(50ae8ddd6e772c6459c7cdf13bbed81b) Importer(815301076,1909f56bfc062723c751e8b465ee728b)  -> (artifact id: 'cf40ce264ae869dffb42eb319ad295ac') in 0.012178 seconds 
========================================================================
Received Import Request.
  Time since last request: 79.994617 seconds.
  path: Assets/band jap.shader
  artifactKey: Guid(85c2571573e62274691392fddf3adcae) Importer(815301076,1909f56bfc062723c751e8b465ee728b)
Start importing Assets/band jap.shader using Guid(85c2571573e62274691392fddf3adcae) Importer(815301076,1909f56bfc062723c751e8b465ee728b)  -> (artifact id: 'c60da5937bf38e5c72baff6b3731d465') in 0.004108 seconds 
========================================================================
Received Import Request.
  Time since last request: 241.224907 seconds.
  path: Assets/band palau.shader
  artifactKey: Guid(4f7d5b4eae16bb34982c36b31f01fdc7) Importer(815301076,1909f56bfc062723c751e8b465ee728b)
Start importing Assets/band palau.shader using Guid(4f7d5b4eae16bb34982c36b31f01fdc7) Importer(815301076,1909f56bfc062723c751e8b465ee728b)  -> (artifact id: 'ea495637c3a6c68d4db362459201ab42') in 0.007267 seconds 
========================================================================
Received Import Request.
  Time since last request: 46.225898 seconds.
  path: Assets/band bi.shader
  artifactKey: Guid(8dfeaa075572ed347ab2def9ca9e5232) Importer(815301076,1909f56bfc062723c751e8b465ee728b)
Start importing Assets/band bi.shader using Guid(8dfeaa075572ed347ab2def9ca9e5232) Importer(815301076,1909f56bfc062723c751e8b465ee728b)  -> (artifact id: '93fdca65292fbd0175cabd75befcc47a') in 0.006893 seconds 
========================================================================
Received Import Request.
  Time since last request: 81.249279 seconds.
  path: Assets/band bi.shader
  artifactKey: Guid(8dfeaa075572ed347ab2def9ca9e5232) Importer(815301076,1909f56bfc062723c751e8b465ee728b)
Start importing Assets/band bi.shader using Guid(8dfeaa075572ed347ab2def9ca9e5232) Importer(815301076,1909f56bfc062723c751e8b465ee728b)  -> (artifact id: '11176f3807aca5dc8ec941df77c996a6') in 0.003841 seconds 
========================================================================
Received Import Request.
  Time since last request: 279.114485 seconds.
  path: Assets/band indo.shader
  artifactKey: Guid(6c03ff52179b55342a152e376fd4f1b4) Importer(815301076,1909f56bfc062723c751e8b465ee728b)
Start importing Assets/band indo.shader using Guid(6c03ff52179b55342a152e376fd4f1b4) Importer(815301076,1909f56bfc062723c751e8b465ee728b)  -> (artifact id: '9dc1e19a46c681e82b183167222557a5') in 0.007045 seconds 
========================================================================
Received Import Request.
  Time since last request: 6.507225 seconds.
  path: Assets/Unlit_band indo.mat
  artifactKey: Guid(4cddf1fe12dcc3043b50b2d26f4e0f95) Importer(815301076,1909f56bfc062723c751e8b465ee728b)
Start importing Assets/Unlit_band indo.mat using Guid(4cddf1fe12dcc3043b50b2d26f4e0f95) Importer(815301076,1909f56bfc062723c751e8b465ee728b)  -> (artifact id: 'e1164eafd00b063af54502d63ee6b7b8') in 0.015052 seconds 
========================================================================
Received Import Request.
  Time since last request: 23.946474 seconds.
  path: Assets/band indo.shader
  artifactKey: Guid(6c03ff52179b55342a152e376fd4f1b4) Importer(815301076,1909f56bfc062723c751e8b465ee728b)
Start importing Assets/band indo.shader using Guid(6c03ff52179b55342a152e376fd4f1b4) Importer(815301076,1909f56bfc062723c751e8b465ee728b)  -> (artifact id: '37aae7c35e2ff8049f136343695ebdef') in 0.003319 seconds 
AssetImportWorkerClient::OnTransportError - code=2 error=End of file
